<?xml version="1.0" encoding="UTF-8"?>
<testsuites tests="2" failures="2" errors="0" time="2.244000">
</testsuites>
