<testsuites>
    <testsuite name="suite" tests="0" failures="0" errors="0" id="0" time="">
        <testcase name="TestCallbacksSuite/TestWorkflowCallbacks_1" classname="">
            <failure message="timeout"></failure>
        </testcase>
        <testcase name="TestCallbacksSuite/TestWorkflowCallbacks_2" classname="">
            <failure message="timeout"></failure>
        </testcase>
    </testsuite>
</testsuites>